[02:35:30] [ServerMain/INFO]: Environment: authHost='https://authserver.mojang.com', accountsHost='https://api.mojang.com', sessionHost='https://sessionserver.mojang.com', servicesHost='https://api.minecraftservices.com', name='PROD'
[02:35:31] [ServerMain/INFO]: Loaded 7 recipes
[02:35:31] [ServerMain/INFO]: Loaded 1179 advancements
[02:35:32] [Server thread/INFO]: Starting minecraft server version 1.19.4
[02:35:32] [Server thread/INFO]: Loading properties
[02:35:32] [Server thread/INFO]: Default game type: SURVIVAL
[02:35:32] [Server thread/INFO]: Generating keypair
[02:35:32] [Server console handler/ERROR]: Exception handling console input
java.io.IOException: Identificador inválido
	at java.io.FileInputStream.readBytes(Native Method) ~[?:?]
	at java.io.FileInputStream.read(FileInputStream.java:276) ~[?:?]
	at java.io.BufferedInputStream.read1(BufferedInputStream.java:282) ~[?:?]
	at java.io.BufferedInputStream.read(BufferedInputStream.java:343) ~[?:?]
	at sun.nio.cs.StreamDecoder.readBytes(StreamDecoder.java:270) ~[?:?]
	at sun.nio.cs.StreamDecoder.implRead(StreamDecoder.java:313) ~[?:?]
	at sun.nio.cs.StreamDecoder.read(StreamDecoder.java:188) ~[?:?]
	at java.io.InputStreamReader.read(InputStreamReader.java:177) ~[?:?]
	at java.io.BufferedReader.fill(BufferedReader.java:162) ~[?:?]
	at java.io.BufferedReader.readLine(BufferedReader.java:329) ~[?:?]
	at java.io.BufferedReader.readLine(BufferedReader.java:396) ~[?:?]
	at ahq$1.run(SourceFile:89) ~[server-1.19.4.jar:?]
[02:35:32] [Server thread/INFO]: Starting Minecraft server on 25.13.252.53:25565
[02:35:32] [Server thread/INFO]: Using default channel type
[02:35:32] [Server thread/WARN]: **** SERVER IS RUNNING IN OFFLINE/INSECURE MODE!
[02:35:32] [Server thread/WARN]: The server will make no attempt to authenticate usernames. Beware.
[02:35:32] [Server thread/WARN]: While this makes the game possible to play without internet access, it also opens up the ability for hackers to connect with any username they choose.
[02:35:32] [Server thread/WARN]: To change this, set "online-mode" to "true" in the server.properties file.
[02:35:32] [Server thread/INFO]: Preparing level "world"
[02:35:33] [Server thread/INFO]: Preparing start region for dimension minecraft:overworld
[02:35:35] [Worker-Main-1/INFO]: Preparing spawn area: 0%
[02:35:35] [Worker-Main-1/INFO]: Preparing spawn area: 0%
[02:35:35] [Worker-Main-1/INFO]: Preparing spawn area: 0%
[02:35:35] [Worker-Main-1/INFO]: Preparing spawn area: 0%
[02:35:35] [Worker-Main-10/INFO]: Preparing spawn area: 13%
[02:35:35] [Server thread/INFO]: Time elapsed: 2369 ms
[02:35:35] [Server thread/INFO]: Done (3.280s)! For help, type "help"
[02:35:35] [Server thread/INFO]: ghostspro25[/25.13.14.6:65114] logged in with entity id 112 at (55.5, 67.0, -356.5)
[02:35:35] [Server thread/INFO]: ghostspro25 joined the game
[02:35:36] [Server thread/INFO]: BatataAssada06[/25.13.7.52:50488] logged in with entity id 113 at (44.5, 71.0, -355.5)
[02:35:36] [Server thread/INFO]: BatataAssada06 joined the game
[02:36:45] [Server thread/INFO]: Nathanandrademod[/25.13.252.53:63502] logged in with entity id 400 at (54.5, 67.0, -359.5)
[02:36:45] [Server thread/INFO]: Nathanandrademod joined the game
[02:38:59] [Server thread/INFO]: ghostspro25 lost connection: Disconnected
[02:38:59] [Server thread/INFO]: ghostspro25 left the game
[02:40:13] [Server thread/INFO]: ghostspro25[/25.13.14.6:59476] logged in with entity id 812 at (54.95310884745673, 72.0, -384.8447167914452)
[02:40:13] [Server thread/INFO]: ghostspro25 joined the game
[02:40:54] [Server thread/INFO]: ghostspro25 lost connection: Disconnected
[02:40:54] [Server thread/INFO]: ghostspro25 left the game
[02:43:18] [Server thread/INFO]: ghostspro25[/25.13.14.6:56400] logged in with entity id 1285 at (55.69999998807907, 71.0, -383.45759312630395)
[02:43:18] [Server thread/INFO]: ghostspro25 joined the game
[02:44:03] [Server thread/INFO]: cap_aranha[/25.13.128.239:50224] logged in with entity id 1426 at (50.5, 70.0, -342.5)
[02:44:03] [Server thread/INFO]: cap_aranha joined the game
[02:44:11] [Server thread/INFO]: Nathanandrademod has made the advancement [Stone Age]
[02:45:40] [Server thread/INFO]: cap_aranha has made the advancement [Stone Age]
[02:46:23] [Server thread/INFO]: BatataAssada06 has made the advancement [Monster Hunter]
[02:46:32] [Server thread/INFO]: cap_aranha was shot by Skeleton
[02:46:33] [Server thread/WARN]: cap_aranha moved too quickly! -161.14822379543006,3.0,175.53848309658622
[02:46:50] [Server thread/INFO]: cap_aranha has made the advancement [Monster Hunter]
[02:47:00] [Server thread/INFO]: ghostspro25 has made the advancement [Monster Hunter]
[02:47:10] [Server thread/INFO]: BatataAssada06 has made the advancement [Stone Age]
[02:47:13] [Server thread/INFO]: ghostspro25 was slain by Zombie
[02:48:06] [Server thread/INFO]: BatataAssada06 was slain by Spider
[02:49:21] [Server thread/INFO]: ghostspro25 lost connection: Disconnected
[02:49:21] [Server thread/INFO]: ghostspro25 left the game
[02:50:02] [Server thread/INFO]: Nathanandrademod has made the advancement [Monster Hunter]
[02:52:10] [Server thread/INFO]: cap_aranha lost connection: Disconnected
[02:52:10] [Server thread/INFO]: cap_aranha left the game
[02:52:33] [Server thread/INFO]: cap_aranha[/25.13.128.239:50252] logged in with entity id 4285 at (42.0395579637546, 62.5, -590.5861590558676)
[02:52:33] [Server thread/INFO]: cap_aranha joined the game
[02:58:46] [Server thread/INFO]: cap_aranha has made the advancement [Getting an Upgrade]
[02:59:17] [Server thread/INFO]: BatataAssada06 has made the advancement [Getting an Upgrade]
[02:59:41] [Server thread/INFO]: Nathanandrademod has made the advancement [Getting an Upgrade]
[03:03:40] [Server thread/INFO]: cap_aranha lost connection: Disconnected
[03:03:40] [Server thread/INFO]: cap_aranha left the game
[03:04:04] [Server thread/INFO]: cap_aranha[/25.13.128.239:50284] logged in with entity id 6672 at (3.2289214252669725, 75.0, -646.8100297795622)
[03:04:04] [Server thread/INFO]: cap_aranha joined the game
[03:08:01] [Server thread/INFO]: Nathanandrademod has made the advancement [Sweet Dreams]
[03:08:20] [Server thread/INFO]: BatataAssada06 has made the advancement [Sweet Dreams]
[03:08:28] [Server thread/INFO]: cap_aranha has made the advancement [Sweet Dreams]
[03:13:26] [Server thread/INFO]: cap_aranha lost connection: Disconnected
[03:13:26] [Server thread/INFO]: cap_aranha left the game
[03:14:04] [Server thread/INFO]: cap_aranha[/25.13.128.239:50336] logged in with entity id 9248 at (-287.9137713690214, 63.0, -350.9957500697166)
[03:14:04] [Server thread/INFO]: cap_aranha joined the game
[03:20:21] [Server thread/INFO]: Nathanandrademod has made the advancement [Acquire Hardware]
[03:22:29] [Server thread/INFO]: cap_aranha has made the advancement [A Seedy Place]
[03:24:51] [Server thread/INFO]: BatataAssada06 has made the advancement [Acquire Hardware]
[03:48:44] [Server thread/INFO]: cap_aranha lost connection: Disconnected
[03:48:44] [Server thread/INFO]: cap_aranha left the game
[03:49:08] [Server thread/INFO]: cap_aranha[/25.13.128.239:60070] logged in with entity id 15816 at (-257.575035241017, 69.79673560066871, -218.0473278454634)
[03:49:08] [Server thread/INFO]: cap_aranha joined the game
[03:51:03] [Server thread/INFO]: BatataAssada06 has made the advancement [Isn't It Iron Pick]
[03:53:46] [Server thread/INFO]: Nathanandrademod lost connection: Disconnected
[03:53:46] [Server thread/INFO]: Nathanandrademod left the game
[03:56:41] [Server thread/INFO]: Villager bxz['Villager'/7408, l='ServerLevel[world]', x=-329.86, y=49.00, z=-329.45] died, message: 'Villager was slain by BatataAssada06'
[04:05:38] [Server thread/INFO]: cap_aranha has made the advancement [Diamonds!]
[04:08:04] [Server thread/INFO]: BatataAssada06 has made the advancement [Diamonds!]
[04:16:35] [Server thread/INFO]: cap_aranha has made the advancement [Isn't It Iron Pick]
[04:19:41] [Server thread/INFO]: cap_aranha has made the advancement [Acquire Hardware]
[04:20:42] [Server thread/INFO]: BatataAssada06 has made the advancement [A Seedy Place]
[04:30:42] [Server thread/INFO]: Villager bxz['Villager'/6951, l='ServerLevel[world]', x=-236.74, y=64.00, z=-348.66] died, message: 'Villager was slain by Zombie'
[04:31:55] [Server thread/INFO]: BatataAssada06 has made the advancement [Hot Stuff]
[04:42:03] [Server thread/INFO]: cap_aranha has made the advancement [The Parrots and the Bats]
[04:46:58] [Server thread/INFO]: cap_aranha lost connection: Disconnected
[04:46:58] [Server thread/INFO]: cap_aranha left the game
[04:53:57] [Server thread/INFO]: cap_aranha[/25.13.128.239:52291] logged in with entity id 29364 at (-152.67370578102074, 73.0, -608.7001145873128)
[04:53:57] [Server thread/INFO]: cap_aranha joined the game
[04:54:57] [Server thread/INFO]: cap_aranha lost connection: Timed out
[04:54:57] [Server thread/INFO]: cap_aranha left the game
[04:56:29] [Server thread/INFO]: cap_aranha[/25.13.128.239:55220] logged in with entity id 29924 at (-152.67370578102074, 73.0, -608.7001145873128)
[04:56:29] [Server thread/INFO]: cap_aranha joined the game
[04:56:48] [Server thread/INFO]: cap_aranha lost connection: Disconnected
[04:56:48] [Server thread/INFO]: cap_aranha left the game
[04:57:27] [Server thread/INFO]: BatataAssada06 lost connection: Disconnected
[04:57:27] [Server thread/INFO]: BatataAssada06 left the game
[05:00:28] [Server thread/INFO]: Stopping server
[05:00:28] [Server thread/INFO]: Saving players
[05:00:28] [Server thread/INFO]: Saving worlds
[05:00:28] [Server thread/INFO]: Saving chunks for level 'ServerLevel[world]'/minecraft:overworld
[05:00:28] [Server thread/INFO]: Saving chunks for level 'ServerLevel[world]'/minecraft:the_nether
[05:00:28] [Server thread/INFO]: Saving chunks for level 'ServerLevel[world]'/minecraft:the_end
[05:00:28] [Server thread/INFO]: ThreadedAnvilChunkStorage (world): All chunks are saved
[05:00:28] [Server thread/INFO]: ThreadedAnvilChunkStorage (DIM-1): All chunks are saved
[05:00:28] [Server thread/INFO]: ThreadedAnvilChunkStorage (DIM1): All chunks are saved
[05:00:28] [Server thread/INFO]: ThreadedAnvilChunkStorage: All dimensions are saved
